2016-03-02 15:40:31 - Date state updated to 2016-03-02T15:40:31
2016-03-02 15:40:32 - Weather_Humidity state updated to 87
2016-03-02 15:40:32 - Weather_Temperature state updated to 2
2016-03-02 15:41:02 - DemoLocation state updated to 52.5200066,13.4049540
2016-03-02 15:41:02 - Temperature_GF_Corridor state updated to 21.40000000
2016-03-02 15:41:02 - Temperature_GF_Toilet state updated to 21.30000000
2016-03-02 15:41:02 - Temperature_GF_Living state updated to 22.00000000
2016-03-02 15:41:02 - Temperature_GF_Kitchen state updated to 19.40000000
2016-03-02 15:41:02 - Temperature_FF_Bath state updated to 18.60000000
2016-03-02 15:41:02 - Temperature_FF_Office state updated to 18.00000000
2016-03-02 15:41:02 - Temperature_FF_Child state updated to 22.40000000
2016-03-02 15:41:02 - Temperature_FF_Bed state updated to 21.40000000
2016-03-02 15:41:02 - Weather_Temp_Max state updated to 2
2016-03-02 15:41:02 - Weather_Temp_Min state updated to 2
2016-03-02 15:41:32 - Weather_Humidity state updated to 87
2016-03-02 15:41:32 - Weather_Temperature state updated to 2
2016-03-02 15:41:32 - Weather_LastUpdate state updated to 2016-03-02T15:41:32
2016-03-02 15:43:00 - Date state updated to 2016-03-02T15:43:00
2016-03-02 15:43:00 - Weather_Humidity state updated to 87
2016-03-02 15:43:00 - Weather_Temperature state updated to 2
2016-03-02 15:43:07 - Light_GF_Living_Table state updated to OFF
2016-03-02 15:43:07 - Light_GF_Corridor_Ceiling state updated to OFF
2016-03-02 15:43:07 - Light_GF_Kitchen_Ceiling state updated to ON
2016-03-02 15:43:07 - Light_GF_Kitchen_Table state updated to OFF
2016-03-02 15:43:07 - Light_GF_Corridor_Wardrobe state updated to OFF
2016-03-02 15:43:07 - Light_GF_Toilet_Ceiling state updated to OFF
2016-03-02 15:43:07 - Light_GF_Toilet_Mirror state updated to OFF
2016-03-02 15:43:07 - Light_FF_Bath_Ceiling state updated to OFF
2016-03-02 15:43:07 - Light_FF_Bath_Mirror state updated to OFF
2016-03-02 15:43:07 - Light_FF_Corridor_Ceiling state updated to OFF
2016-03-02 15:43:07 - Light_FF_Office_Ceiling state updated to OFF
2016-03-02 15:43:07 - Light_FF_Child_Ceiling state updated to OFF
2016-03-02 15:43:07 - Light_FF_Bed_Ceiling state updated to ON
2016-03-02 15:43:07 - Light_C_Corridor_Ceiling state updated to OFF
2016-03-02 15:43:07 - Light_C_Staircase state updated to OFF
2016-03-02 15:43:07 - Light_C_Washing_Ceiling state updated to ON
2016-03-02 15:43:07 - Light_C_Workshop state updated to OFF
2016-03-02 15:43:07 - Light_Outdoor_Garage state updated to OFF
2016-03-02 15:43:07 - Light_Outdoor_Terrace state updated to OFF
2016-03-02 15:43:07 - Light_Outdoor_Frontdoor state updated to OFF
2016-03-02 15:43:07 - Heating_GF_Corridor state updated to OFF
2016-03-02 15:43:07 - Heating_GF_Toilet state updated to ON
2016-03-02 15:43:07 - Heating_GF_Living state updated to OFF
2016-03-02 15:43:07 - Heating_GF_Kitchen state updated to OFF
2016-03-02 15:43:07 - Heating_FF_Bath state updated to OFF
2016-03-02 15:43:07 - Heating_FF_Office state updated to OFF
2016-03-02 15:43:07 - Heating_FF_Child state updated to OFF
2016-03-02 15:43:07 - Heating_FF_Bed state updated to OFF
2016-03-02 15:43:07 - Temperature_Setpoint state updated to 22
2016-03-02 15:43:07 - Window_GF_Frontdoor state updated to OPEN
2016-03-02 15:43:07 - Window_GF_Kitchen state updated to CLOSED
2016-03-02 15:43:07 - Window_GF_Living state updated to CLOSED
2016-03-02 15:43:07 - Window_GF_Toilet state updated to CLOSED
2016-03-02 15:43:07 - Window_FF_Bath state updated to OPEN
2016-03-02 15:43:07 - Window_FF_Bed state updated to OPEN
2016-03-02 15:43:07 - Window_FF_Office_Window state updated to CLOSED
2016-03-02 15:43:07 - Window_FF_Office_Door state updated to OPEN
2016-03-02 15:43:07 - Garage_Door state updated to CLOSED
2016-03-02 15:43:07 - DemoLocation state updated to 52.5200066,13.4049540
2016-03-02 15:43:07 - Weather_Temp_Max state updated to 2
2016-03-02 15:43:07 - Weather_Temp_Min state updated to 2
2016-03-02 15:43:46 - Date state updated to 2016-03-02T15:43:46
2016-03-02 15:43:46 - Weather_Humidity state updated to 87
2016-03-02 15:43:47 - Weather_Temperature state updated to 2
2016-03-02 15:43:54 - DemoLocation state updated to 52.5200066,13.4049540
2016-03-02 15:43:54 - Temperature_GF_Corridor state updated to 19.00000000
2016-03-02 15:43:54 - Temperature_GF_Toilet state updated to 22.30000000
2016-03-02 15:43:54 - Temperature_GF_Living state updated to 19.70000000
2016-03-02 15:43:54 - Temperature_GF_Kitchen state updated to 17.80000000
2016-03-02 15:43:54 - Temperature_FF_Bath state updated to 18.80000000
2016-03-02 15:43:54 - Temperature_FF_Office state updated to 19.70000000
2016-03-02 15:43:54 - Temperature_FF_Child state updated to 20.20000000
2016-03-02 15:43:54 - Temperature_FF_Bed state updated to 20.80000000
2016-03-02 15:43:54 - Weather_Temp_Max state updated to 2
2016-03-02 15:43:54 - Weather_Temp_Min state updated to 2
2016-03-03 14:41:30 - Weather_Humidity state updated to 81
2016-03-03 14:41:30 - Weather_Temperature state updated to 1
2016-03-03 14:41:30 - Date state updated to 2016-03-03T14:41:30
2016-03-03 14:41:37 - DemoLocation state updated to 52.5200066,13.4049540
2016-03-03 14:41:37 - Temperature_GF_Corridor state updated to 18.50000000
2016-03-03 14:41:37 - Temperature_GF_Toilet state updated to 19.30000000
2016-03-03 14:41:37 - Temperature_GF_Living state updated to 19.10000000
2016-03-03 14:41:37 - Temperature_GF_Kitchen state updated to 19.70000000
2016-03-03 14:41:37 - Temperature_FF_Bath state updated to 17.60000000
2016-03-03 14:41:37 - Temperature_FF_Office state updated to 22.00000000
2016-03-03 14:41:37 - Temperature_FF_Child state updated to 20.80000000
2016-03-03 14:41:37 - Temperature_FF_Bed state updated to 19.60000000
2016-03-03 14:41:37 - Weather_Temp_Max state updated to 1
2016-03-03 14:41:37 - Weather_Temp_Min state updated to 1
