2016-03-02 15:22:25.391 [WARN ] [o.config.core.ConfigDispatcher] - Main openHAB configuration file 'configurations/openhab.cfg' does not exist.
2016-03-02 15:22:25.395 [INFO ] [.o.core.internal.CoreActivator] - openHAB runtime has been started (v1.8.1).
2016-03-02 15:22:25.803 [INFO ] [o.o.i.s.i.DiscoveryServiceImpl] - mDNS service has been started
2016-03-02 15:22:25.822 [INFO ] [o.o.i.s.i.DiscoveryServiceImpl] - Service Discovery initialization completed.
2016-03-02 15:22:26.603 [INFO ] [penhab.io.rest.RESTApplication] - Started REST API at /rest
2016-03-02 15:22:35.932 [INFO ] [penhab.io.rest.RESTApplication] - Stopped REST API
2016-03-02 15:28:39.578 [WARN ] [o.config.core.ConfigDispatcher] - Main openHAB configuration file 'configurations/openhab.cfg' does not exist.
2016-03-02 15:28:39.581 [INFO ] [.o.core.internal.CoreActivator] - openHAB runtime has been started (v1.8.1).
2016-03-02 15:28:39.982 [INFO ] [o.o.i.s.i.DiscoveryServiceImpl] - mDNS service has been started
2016-03-02 15:28:40.000 [INFO ] [o.o.i.s.i.DiscoveryServiceImpl] - Service Discovery initialization completed.
2016-03-02 15:28:40.775 [INFO ] [penhab.io.rest.RESTApplication] - Started REST API at /rest
2016-03-02 15:28:50.320 [INFO ] [.o.u.w.i.servlet.WebAppServlet] - Started Classic UI at /classicui/openhab.app
2016-03-02 15:28:53.030 [INFO ] [.p.rrd4j.internal.RRD4jService] - Removing invalid defintion component = null heartbeat = 0 min/max = 0.0/0.0 step = 0 0 archives(s) = [] 0 items(s) = []
2016-03-02 15:28:53.124 [INFO ] [.service.AbstractActiveService] - NTP Refresh Service has been started
2016-03-02 15:28:53.137 [INFO ] [.service.AbstractActiveService] - HTTP Refresh Service has been started
2016-03-02 15:28:59.510 [INFO ] [penhab.io.rest.RESTApplication] - Stopped REST API
2016-03-02 15:29:55.416 [WARN ] [o.config.core.ConfigDispatcher] - Main openHAB configuration file 'configurations/openhab.cfg' does not exist.
2016-03-02 15:29:55.419 [INFO ] [.o.core.internal.CoreActivator] - openHAB runtime has been started (v1.8.1).
2016-03-02 15:29:55.818 [INFO ] [o.o.i.s.i.DiscoveryServiceImpl] - mDNS service has been started
2016-03-02 15:29:55.838 [INFO ] [o.o.i.s.i.DiscoveryServiceImpl] - Service Discovery initialization completed.
2016-03-02 15:29:56.610 [INFO ] [penhab.io.rest.RESTApplication] - Started REST API at /rest
2016-03-02 15:30:06.172 [INFO ] [penhab.io.rest.RESTApplication] - Stopped REST API
2016-03-02 15:30:39.354 [WARN ] [o.config.core.ConfigDispatcher] - Main openHAB configuration file 'configurations/openhab.cfg' does not exist.
2016-03-02 15:30:39.358 [INFO ] [.o.core.internal.CoreActivator] - openHAB runtime has been started (v1.8.1).
2016-03-02 15:30:39.766 [INFO ] [o.o.i.s.i.DiscoveryServiceImpl] - mDNS service has been started
2016-03-02 15:30:39.787 [INFO ] [o.o.i.s.i.DiscoveryServiceImpl] - Service Discovery initialization completed.
2016-03-02 15:30:40.573 [INFO ] [penhab.io.rest.RESTApplication] - Started REST API at /rest
2016-03-02 15:30:50.124 [INFO ] [.o.u.w.i.servlet.WebAppServlet] - Started Classic UI at /classicui/openhab.app
2016-03-02 15:30:52.889 [INFO ] [.p.rrd4j.internal.RRD4jService] - Removing invalid defintion component = null heartbeat = 0 min/max = 0.0/0.0 step = 0 0 archives(s) = [] 0 items(s) = []
2016-03-02 15:30:52.898 [INFO ] [.service.AbstractActiveService] - NTP Refresh Service has been started
2016-03-02 15:30:52.906 [INFO ] [.service.AbstractActiveService] - HTTP Refresh Service has been started
2016-03-02 15:31:01.829 [INFO ] [penhab.io.rest.RESTApplication] - Stopped REST API
2016-03-02 15:31:23.995 [WARN ] [o.config.core.ConfigDispatcher] - Main openHAB configuration file 'configurations/openhab.cfg' does not exist.
2016-03-02 15:31:23.998 [INFO ] [.o.core.internal.CoreActivator] - openHAB runtime has been started (v1.8.1).
2016-03-02 15:31:24.436 [INFO ] [o.o.i.s.i.DiscoveryServiceImpl] - mDNS service has been started
2016-03-02 15:31:24.464 [INFO ] [o.o.i.s.i.DiscoveryServiceImpl] - Service Discovery initialization completed.
2016-03-02 15:31:25.410 [INFO ] [penhab.io.rest.RESTApplication] - Started REST API at /rest
2016-03-02 15:31:34.860 [INFO ] [.o.u.w.i.servlet.WebAppServlet] - Started Classic UI at /classicui/openhab.app
2016-03-02 15:31:37.376 [INFO ] [.service.AbstractActiveService] - HTTP Refresh Service has been started
2016-03-02 15:31:37.391 [INFO ] [.p.rrd4j.internal.RRD4jService] - Removing invalid defintion component = null heartbeat = 0 min/max = 0.0/0.0 step = 0 0 archives(s) = [] 0 items(s) = []
2016-03-02 15:31:37.492 [INFO ] [.service.AbstractActiveService] - NTP Refresh Service has been started
2016-03-02 15:32:14.921 [INFO ] [penhab.io.rest.RESTApplication] - Stopped REST API
2016-03-02 15:33:32.502 [WARN ] [o.config.core.ConfigDispatcher] - Main openHAB configuration file 'configurations/openhab.cfg' does not exist.
2016-03-02 15:33:32.504 [INFO ] [.o.core.internal.CoreActivator] - openHAB runtime has been started (v1.8.1).
2016-03-02 15:33:32.947 [INFO ] [o.o.i.s.i.DiscoveryServiceImpl] - mDNS service has been started
2016-03-02 15:33:32.968 [INFO ] [o.o.i.s.i.DiscoveryServiceImpl] - Service Discovery initialization completed.
2016-03-02 15:33:33.895 [INFO ] [penhab.io.rest.RESTApplication] - Started REST API at /rest
2016-03-02 15:33:43.141 [INFO ] [.o.u.w.i.servlet.WebAppServlet] - Started Classic UI at /classicui/openhab.app
2016-03-02 15:33:45.874 [INFO ] [.service.AbstractActiveService] - NTP Refresh Service has been started
2016-03-02 15:33:45.881 [INFO ] [.service.AbstractActiveService] - HTTP Refresh Service has been started
2016-03-02 15:33:45.892 [INFO ] [.p.rrd4j.internal.RRD4jService] - Removing invalid defintion component = null heartbeat = 0 min/max = 0.0/0.0 step = 0 0 archives(s) = [] 0 items(s) = []
2016-03-02 15:34:53.307 [INFO ] [penhab.io.rest.RESTApplication] - Stopped REST API
2016-03-02 15:34:56.597 [WARN ] [o.config.core.ConfigDispatcher] - Main openHAB configuration file 'configurations/openhab.cfg' does not exist.
2016-03-02 15:34:56.600 [INFO ] [.o.core.internal.CoreActivator] - openHAB runtime has been started (v1.8.1).
2016-03-02 15:34:57.002 [INFO ] [o.o.i.s.i.DiscoveryServiceImpl] - mDNS service has been started
2016-03-02 15:34:57.022 [INFO ] [o.o.i.s.i.DiscoveryServiceImpl] - Service Discovery initialization completed.
2016-03-02 15:34:57.855 [INFO ] [penhab.io.rest.RESTApplication] - Started REST API at /rest
2016-03-02 15:35:07.492 [INFO ] [.o.u.w.i.servlet.WebAppServlet] - Started Classic UI at /classicui/openhab.app
2016-03-02 15:35:10.007 [INFO ] [.service.AbstractActiveService] - HTTP Refresh Service has been started
2016-03-02 15:35:10.115 [INFO ] [.service.AbstractActiveService] - NTP Refresh Service has been started
2016-03-02 15:35:10.129 [INFO ] [.p.rrd4j.internal.RRD4jService] - Removing invalid defintion component = null heartbeat = 0 min/max = 0.0/0.0 step = 0 0 archives(s) = [] 0 items(s) = []
2016-03-02 15:37:57.381 [INFO ] [penhab.io.rest.RESTApplication] - Stopped REST API
2016-03-02 15:38:00.477 [WARN ] [o.config.core.ConfigDispatcher] - Main openHAB configuration file 'configurations/openhab.cfg' does not exist.
2016-03-02 15:38:00.480 [INFO ] [.o.core.internal.CoreActivator] - openHAB runtime has been started (v1.8.1).
2016-03-02 15:38:00.880 [INFO ] [o.o.i.s.i.DiscoveryServiceImpl] - mDNS service has been started
2016-03-02 15:38:00.899 [INFO ] [o.o.i.s.i.DiscoveryServiceImpl] - Service Discovery initialization completed.
2016-03-02 15:38:01.684 [INFO ] [penhab.io.rest.RESTApplication] - Started REST API at /rest
2016-03-02 15:38:11.102 [INFO ] [.o.u.w.i.servlet.WebAppServlet] - Started Classic UI at /classicui/openhab.app
2016-03-02 15:38:13.937 [INFO ] [.p.rrd4j.internal.RRD4jService] - Removing invalid defintion component = null heartbeat = 0 min/max = 0.0/0.0 step = 0 0 archives(s) = [] 0 items(s) = []
2016-03-02 15:38:14.028 [INFO ] [.service.AbstractActiveService] - NTP Refresh Service has been started
2016-03-02 15:38:14.038 [INFO ] [.service.AbstractActiveService] - HTTP Refresh Service has been started
2016-03-02 15:38:21.594 [WARN ] [e.jetty.servlet.ServletHandler] - /openhab.app
org.openhab.ui.webapp.render.RenderException: Sitemap 'demo' could not be found
	at org.openhab.ui.webapp.internal.servlet.WebAppServlet.service(WebAppServlet.java:115) ~[na:na]
	at org.eclipse.equinox.http.servlet.internal.ServletRegistration.service(ServletRegistration.java:61) ~[na:na]
	at org.eclipse.equinox.http.servlet.internal.ProxyServlet.processAlias(ProxyServlet.java:128) ~[na:na]
	at org.eclipse.equinox.http.servlet.internal.ProxyServlet.service(ProxyServlet.java:60) ~[na:na]
	at javax.servlet.http.HttpServlet.service(HttpServlet.java:848) ~[javax.servlet_3.0.0.v201112011016.jar:na]
	at org.eclipse.jetty.servlet.ServletHolder.handle(ServletHolder.java:598) ~[org.eclipse.jetty.servlet_8.1.3.v20120522.jar:8.1.3.v20120522]
	at org.eclipse.jetty.servlet.ServletHandler.doHandle(ServletHandler.java:486) [org.eclipse.jetty.servlet_8.1.3.v20120522.jar:8.1.3.v20120522]
	at org.eclipse.jetty.server.session.SessionHandler.doHandle(SessionHandler.java:231) [org.eclipse.jetty.server_8.1.3.v20120522.jar:8.1.3.v20120522]
	at org.eclipse.jetty.server.handler.ContextHandler.doHandle(ContextHandler.java:1065) [org.eclipse.jetty.server_8.1.3.v20120522.jar:8.1.3.v20120522]
	at org.eclipse.jetty.servlet.ServletHandler.doScope(ServletHandler.java:413) [org.eclipse.jetty.servlet_8.1.3.v20120522.jar:8.1.3.v20120522]
	at org.eclipse.jetty.server.session.SessionHandler.doScope(SessionHandler.java:192) [org.eclipse.jetty.server_8.1.3.v20120522.jar:8.1.3.v20120522]
	at org.eclipse.jetty.server.handler.ContextHandler.doScope(ContextHandler.java:999) [org.eclipse.jetty.server_8.1.3.v20120522.jar:8.1.3.v20120522]
	at org.eclipse.jetty.server.handler.ScopedHandler.handle(ScopedHandler.java:117) [org.eclipse.jetty.server_8.1.3.v20120522.jar:8.1.3.v20120522]
	at org.eclipse.jetty.server.handler.ContextHandlerCollection.handle(ContextHandlerCollection.java:250) [org.eclipse.jetty.server_8.1.3.v20120522.jar:8.1.3.v20120522]
	at org.eclipse.jetty.server.handler.HandlerCollection.handle(HandlerCollection.java:149) [org.eclipse.jetty.server_8.1.3.v20120522.jar:8.1.3.v20120522]
	at org.eclipse.jetty.server.handler.HandlerWrapper.handle(HandlerWrapper.java:111) [org.eclipse.jetty.server_8.1.3.v20120522.jar:8.1.3.v20120522]
	at org.eclipse.jetty.server.Server.handle(Server.java:350) [org.eclipse.jetty.server_8.1.3.v20120522.jar:8.1.3.v20120522]
	at org.eclipse.jetty.server.AbstractHttpConnection.handleRequest(AbstractHttpConnection.java:454) [org.eclipse.jetty.server_8.1.3.v20120522.jar:8.1.3.v20120522]
	at org.eclipse.jetty.server.AbstractHttpConnection.headerComplete(AbstractHttpConnection.java:890) [org.eclipse.jetty.server_8.1.3.v20120522.jar:8.1.3.v20120522]
	at org.eclipse.jetty.server.AbstractHttpConnection$RequestHandler.headerComplete(AbstractHttpConnection.java:944) [org.eclipse.jetty.server_8.1.3.v20120522.jar:8.1.3.v20120522]
	at org.eclipse.jetty.http.HttpParser.parseNext(HttpParser.java:630) [org.eclipse.jetty.http_8.1.3.v20120522.jar:8.1.3.v20120522]
	at org.eclipse.jetty.http.HttpParser.parseAvailable(HttpParser.java:230) [org.eclipse.jetty.http_8.1.3.v20120522.jar:8.1.3.v20120522]
	at org.eclipse.jetty.server.AsyncHttpConnection.handle(AsyncHttpConnection.java:77) [org.eclipse.jetty.server_8.1.3.v20120522.jar:8.1.3.v20120522]
	at org.eclipse.jetty.io.nio.SelectChannelEndPoint.handle(SelectChannelEndPoint.java:606) [org.eclipse.jetty.io_8.1.3.v20120522.jar:8.1.3.v20120522]
	at org.eclipse.jetty.io.nio.SelectChannelEndPoint$1.run(SelectChannelEndPoint.java:46) [org.eclipse.jetty.io_8.1.3.v20120522.jar:8.1.3.v20120522]
	at org.eclipse.jetty.util.thread.QueuedThreadPool.runJob(QueuedThreadPool.java:603) [org.eclipse.jetty.util_8.1.3.v20120522.jar:8.1.3.v20120522]
	at org.eclipse.jetty.util.thread.QueuedThreadPool$3.run(QueuedThreadPool.java:538) [org.eclipse.jetty.util_8.1.3.v20120522.jar:8.1.3.v20120522]
	at java.lang.Thread.run(Thread.java:745) [na:1.8.0_71]
2016-03-02 15:40:20.721 [INFO ] [c.internal.ModelRepositoryImpl] - Loading model 'demo.sitemap'
2016-03-02 15:40:30.821 [INFO ] [c.internal.ModelRepositoryImpl] - Loading model 'demo.items'
2016-03-02 15:40:51.617 [INFO ] [c.internal.ModelRepositoryImpl] - Loading model 'db4o.persist'
2016-03-02 15:40:51.627 [INFO ] [c.internal.ModelRepositoryImpl] - Loading model 'exec.persist'
2016-03-02 15:40:51.637 [INFO ] [c.internal.ModelRepositoryImpl] - Loading model 'logging.persist'
2016-03-02 15:40:51.648 [INFO ] [c.internal.ModelRepositoryImpl] - Loading model 'rrd4j.persist'
2016-03-02 15:41:01.710 [INFO ] [c.internal.ModelRepositoryImpl] - Loading model 'demo.rules'
2016-03-02 15:41:02.068 [ERROR] [m.r.internal.engine.RuleEngine] - Error during the execution of startup rule 'Initialize light states': Could not invoke method: org.openhab.model.script.actions.BusEvent.postUpdate(org.openhab.core.items.Item,java.lang.Number) on instance: null
2016-03-02 15:41:02.122 [ERROR] [m.r.internal.engine.RuleEngine] - Error during the execution of startup rule 'Initialize heating states': Could not invoke method: org.openhab.model.script.actions.BusEvent.postUpdate(org.openhab.core.items.Item,java.lang.Number) on instance: null
2016-03-02 15:41:02.167 [ERROR] [m.r.internal.engine.RuleEngine] - Error during the execution of startup rule 'Initialize contact states': Could not invoke method: org.openhab.model.script.actions.BusEvent.postUpdate(org.openhab.core.items.Item,java.lang.Number) on instance: null
2016-03-02 15:41:02.305 [INFO ] [g.openhab.model.script.Weather] - Temperature evolved of null degrees.
2016-03-02 15:41:22.330 [INFO ] [c.internal.ModelRepositoryImpl] - Loading model 'demo.script'
2016-03-02 15:41:45.057 [INFO ] [penhab.io.rest.RESTApplication] - Stopped REST API
2016-03-02 15:42:46.677 [WARN ] [o.config.core.ConfigDispatcher] - Main openHAB configuration file 'configurations/openhab.cfg' does not exist.
2016-03-02 15:42:46.680 [INFO ] [.o.core.internal.CoreActivator] - openHAB runtime has been started (v1.8.1).
2016-03-02 15:42:47.094 [INFO ] [o.o.i.s.i.DiscoveryServiceImpl] - mDNS service has been started
2016-03-02 15:42:47.115 [INFO ] [o.o.i.s.i.DiscoveryServiceImpl] - Service Discovery initialization completed.
2016-03-02 15:42:47.915 [INFO ] [penhab.io.rest.RESTApplication] - Started REST API at /rest
2016-03-02 15:42:56.959 [INFO ] [c.internal.ModelRepositoryImpl] - Loading model 'demo.sitemap'
2016-03-02 15:42:57.054 [INFO ] [c.internal.ModelRepositoryImpl] - Loading model 'db4o.persist'
2016-03-02 15:42:57.064 [INFO ] [c.internal.ModelRepositoryImpl] - Loading model 'exec.persist'
2016-03-02 15:42:57.066 [INFO ] [c.internal.ModelRepositoryImpl] - Loading model 'logging.persist'
2016-03-02 15:42:57.069 [INFO ] [c.internal.ModelRepositoryImpl] - Loading model 'rrd4j.persist'
2016-03-02 15:42:57.092 [INFO ] [c.internal.ModelRepositoryImpl] - Loading model 'demo.script'
2016-03-02 15:42:57.140 [INFO ] [c.internal.ModelRepositoryImpl] - Loading model 'demo.items'
2016-03-02 15:42:57.265 [INFO ] [.o.u.w.i.servlet.WebAppServlet] - Started Classic UI at /classicui/openhab.app
2016-03-02 15:43:00.120 [INFO ] [.p.rrd4j.internal.RRD4jService] - Removing invalid defintion component = null heartbeat = 0 min/max = 0.0/0.0 step = 0 0 archives(s) = [] 0 items(s) = []
2016-03-02 15:43:00.185 [INFO ] [.service.AbstractActiveService] - NTP Refresh Service has been started
2016-03-02 15:43:00.206 [INFO ] [.service.AbstractActiveService] - HTTP Refresh Service has been started
2016-03-02 15:43:07.179 [INFO ] [c.internal.ModelRepositoryImpl] - Loading model 'demo.rules'
2016-03-02 15:43:07.823 [ERROR] [m.r.internal.engine.RuleEngine] - Error during the execution of startup rule 'Set random room temperatures': Could not invoke method: org.openhab.model.script.actions.BusEvent.postUpdate(org.openhab.core.items.Item,org.openhab.core.types.State) on instance: null
2016-03-02 15:43:07.896 [INFO ] [g.openhab.model.script.Weather] - Temperature evolved of 0 degrees.
2016-03-02 15:43:17.687 [INFO ] [penhab.io.rest.RESTApplication] - Stopped REST API
2016-03-02 15:43:33.183 [WARN ] [o.config.core.ConfigDispatcher] - Main openHAB configuration file 'configurations/openhab.cfg' does not exist.
2016-03-02 15:43:33.186 [INFO ] [.o.core.internal.CoreActivator] - openHAB runtime has been started (v1.8.1).
2016-03-02 15:43:33.615 [INFO ] [o.o.i.s.i.DiscoveryServiceImpl] - mDNS service has been started
2016-03-02 15:43:33.635 [INFO ] [o.o.i.s.i.DiscoveryServiceImpl] - Service Discovery initialization completed.
2016-03-02 15:43:34.445 [INFO ] [penhab.io.rest.RESTApplication] - Started REST API at /rest
2016-03-02 15:43:43.477 [INFO ] [c.internal.ModelRepositoryImpl] - Loading model 'demo.sitemap'
2016-03-02 15:43:43.572 [INFO ] [c.internal.ModelRepositoryImpl] - Loading model 'db4o.persist'
2016-03-02 15:43:43.581 [INFO ] [c.internal.ModelRepositoryImpl] - Loading model 'exec.persist'
2016-03-02 15:43:43.584 [INFO ] [c.internal.ModelRepositoryImpl] - Loading model 'logging.persist'
2016-03-02 15:43:43.587 [INFO ] [c.internal.ModelRepositoryImpl] - Loading model 'rrd4j.persist'
2016-03-02 15:43:43.610 [INFO ] [c.internal.ModelRepositoryImpl] - Loading model 'demo.script'
2016-03-02 15:43:43.661 [INFO ] [c.internal.ModelRepositoryImpl] - Loading model 'demo.items'
2016-03-02 15:43:44.089 [INFO ] [.o.u.w.i.servlet.WebAppServlet] - Started Classic UI at /classicui/openhab.app
2016-03-02 15:43:46.613 [INFO ] [.service.AbstractActiveService] - HTTP Refresh Service has been started
2016-03-02 15:43:46.632 [INFO ] [.p.rrd4j.internal.RRD4jService] - Removing invalid defintion component = null heartbeat = 0 min/max = 0.0/0.0 step = 0 0 archives(s) = [] 0 items(s) = []
2016-03-02 15:43:46.697 [INFO ] [.service.AbstractActiveService] - NTP Refresh Service has been started
2016-03-02 15:43:53.703 [INFO ] [c.internal.ModelRepositoryImpl] - Loading model 'demo.rules'
2016-03-02 15:43:54.097 [ERROR] [m.r.internal.engine.RuleEngine] - Error during the execution of startup rule 'Initialize light states': Could not invoke method: org.openhab.model.script.actions.BusEvent.postUpdate(org.openhab.core.items.Item,java.lang.Number) on instance: null
2016-03-02 15:43:54.156 [ERROR] [m.r.internal.engine.RuleEngine] - Error during the execution of startup rule 'Initialize heating states': Could not invoke method: org.openhab.model.script.actions.BusEvent.postUpdate(org.openhab.core.items.Item,java.lang.Number) on instance: null
2016-03-02 15:43:54.207 [ERROR] [m.r.internal.engine.RuleEngine] - Error during the execution of startup rule 'Initialize contact states': Could not invoke method: org.openhab.model.script.actions.BusEvent.postUpdate(org.openhab.core.items.Item,java.lang.Number) on instance: null
2016-03-02 15:43:54.385 [INFO ] [g.openhab.model.script.Weather] - Temperature evolved of 0 degrees.
2016-03-02 15:44:12.206 [INFO ] [penhab.io.rest.RESTApplication] - Stopped REST API
2016-03-03 14:41:16.534 [WARN ] [o.config.core.ConfigDispatcher] - Main openHAB configuration file 'configurations/openhab.cfg' does not exist.
2016-03-03 14:41:16.538 [INFO ] [.o.core.internal.CoreActivator] - openHAB runtime has been started (v1.8.1).
2016-03-03 14:41:17.087 [INFO ] [o.o.i.s.i.DiscoveryServiceImpl] - mDNS service has been started
2016-03-03 14:41:17.108 [INFO ] [o.o.i.s.i.DiscoveryServiceImpl] - Service Discovery initialization completed.
2016-03-03 14:41:17.968 [INFO ] [penhab.io.rest.RESTApplication] - Started REST API at /rest
2016-03-03 14:41:26.909 [INFO ] [c.internal.ModelRepositoryImpl] - Loading model 'demo.sitemap'
2016-03-03 14:41:27.008 [INFO ] [c.internal.ModelRepositoryImpl] - Loading model 'db4o.persist'
2016-03-03 14:41:27.018 [INFO ] [c.internal.ModelRepositoryImpl] - Loading model 'exec.persist'
2016-03-03 14:41:27.020 [INFO ] [c.internal.ModelRepositoryImpl] - Loading model 'logging.persist'
2016-03-03 14:41:27.024 [INFO ] [c.internal.ModelRepositoryImpl] - Loading model 'rrd4j.persist'
2016-03-03 14:41:27.039 [INFO ] [c.internal.ModelRepositoryImpl] - Loading model 'demo.script'
2016-03-03 14:41:27.089 [INFO ] [c.internal.ModelRepositoryImpl] - Loading model 'demo.items'
2016-03-03 14:41:27.367 [INFO ] [.o.u.w.i.servlet.WebAppServlet] - Started Classic UI at /classicui/openhab.app
2016-03-03 14:41:29.890 [INFO ] [.service.AbstractActiveService] - NTP Refresh Service has been started
2016-03-03 14:41:29.898 [INFO ] [.service.AbstractActiveService] - HTTP Refresh Service has been started
2016-03-03 14:41:29.928 [INFO ] [.p.rrd4j.internal.RRD4jService] - Removing invalid defintion component = null heartbeat = 0 min/max = 0.0/0.0 step = 0 0 archives(s) = [] 0 items(s) = []
2016-03-03 14:41:37.130 [INFO ] [c.internal.ModelRepositoryImpl] - Loading model 'demo.rules'
2016-03-03 14:41:37.535 [ERROR] [m.r.internal.engine.RuleEngine] - Error during the execution of startup rule 'Initialize light states': Could not invoke method: org.openhab.model.script.actions.BusEvent.postUpdate(org.openhab.core.items.Item,java.lang.Number) on instance: null
2016-03-03 14:41:37.583 [ERROR] [m.r.internal.engine.RuleEngine] - Error during the execution of startup rule 'Initialize heating states': Could not invoke method: org.openhab.model.script.actions.BusEvent.postUpdate(org.openhab.core.items.Item,java.lang.Number) on instance: null
2016-03-03 14:41:37.629 [ERROR] [m.r.internal.engine.RuleEngine] - Error during the execution of startup rule 'Initialize contact states': Could not invoke method: org.openhab.model.script.actions.BusEvent.postUpdate(org.openhab.core.items.Item,java.lang.Number) on instance: null
2016-03-03 14:41:37.784 [INFO ] [g.openhab.model.script.Weather] - Temperature evolved of null degrees.
2016-03-03 14:41:47.029 [INFO ] [penhab.io.rest.RESTApplication] - Stopped REST API
