2016-03-02 15:41:02,228 - Temperature_GF_Corridor  : 21.40000000
2016-03-02 15:41:02,231 - Temperature_GF_Toilet    : 21.30000000
2016-03-02 15:41:02,232 - Temperature_GF_Living    : 22.00000000
2016-03-02 15:41:02,235 - Temperature_GF_Kitchen   : 19.40000000
2016-03-02 15:41:02,237 - Temperature_FF_Bath      : 18.60000000
2016-03-02 15:41:02,239 - Temperature_FF_Office    : 18.00000000
2016-03-02 15:41:02,241 - Temperature_FF_Child     : 22.40000000
2016-03-02 15:41:02,243 - Temperature_FF_Bed       : 21.40000000
2016-03-02 15:43:54,284 - Temperature_GF_Corridor  : 19.00000000
2016-03-02 15:43:54,286 - Temperature_GF_Toilet    : 22.30000000
2016-03-02 15:43:54,289 - Temperature_GF_Living    : 19.70000000
2016-03-02 15:43:54,291 - Temperature_GF_Kitchen   : 17.80000000
2016-03-02 15:43:54,293 - Temperature_FF_Bath      : 18.80000000
2016-03-02 15:43:54,296 - Temperature_FF_Office    : 19.70000000
2016-03-02 15:43:54,298 - Temperature_FF_Child     : 20.20000000
2016-03-02 15:43:54,301 - Temperature_FF_Bed       : 20.80000000
2016-03-03 14:41:37,689 - Temperature_GF_Corridor  : 18.50000000
2016-03-03 14:41:37,693 - Temperature_GF_Toilet    : 19.30000000
2016-03-03 14:41:37,695 - Temperature_GF_Living    : 19.10000000
2016-03-03 14:41:37,697 - Temperature_GF_Kitchen   : 19.70000000
2016-03-03 14:41:37,699 - Temperature_FF_Bath      : 17.60000000
2016-03-03 14:41:37,701 - Temperature_FF_Office    : 22.00000000
2016-03-03 14:41:37,703 - Temperature_FF_Child     : 20.80000000
2016-03-03 14:41:37,705 - Temperature_FF_Bed       : 19.60000000
